[debug] [2021-06-29T22:48:26.765Z] ----------------------------------------------------------------------
[debug] [2021-06-29T22:48:26.766Z] Command:       /usr/local/bin/node /usr/local/bin/firebase emulators:start --export-on-exit=/Users/mitul/Documents/projects/tendonloader/emulator-backup --import=/Users/mitul/Documents/projects/tendonloader/emulator-backup
[debug] [2021-06-29T22:48:26.766Z] CLI Version:   9.14.0
[debug] [2021-06-29T22:48:26.766Z] Platform:      darwin
[debug] [2021-06-29T22:48:26.766Z] Node Version:  v14.16.1
[debug] [2021-06-29T22:48:26.767Z] Time:          Tue Jun 29 2021 18:48:26 GMT-0400 (Eastern Daylight Time)
[debug] [2021-06-29T22:48:26.767Z] ----------------------------------------------------------------------
[debug] 
[debug] [2021-06-29T22:48:26.774Z] > command requires scopes: ["email","openid","https://www.googleapis.com/auth/cloudplatformprojects.readonly","https://www.googleapis.com/auth/firebase","https://www.googleapis.com/auth/cloud-platform"]
[debug] [2021-06-29T22:48:26.774Z] > authorizing via signed-in user (ubc.tendon.loader@gmail.com)
[info] i  emulators: Starting emulators: auth, firestore, hosting {"metadata":{"emulator":{"name":"hub"},"message":"Starting emulators: auth, firestore, hosting"}}
[debug] [2021-06-29T22:48:26.790Z] [hub] writing locator at /var/folders/br/fy7f0fc52hb1hqnh9q50rjj80000gn/T/hub-tendon-loader.json
[info] i  firestore: Importing data from /Users/mitul/Documents/projects/tendonloader/emulator-backup/firestore_export/firestore_export.overall_export_metadata {"metadata":{"emulator":{"name":"firestore"},"message":"Importing data from /Users/mitul/Documents/projects/tendonloader/emulator-backup/firestore_export/firestore_export.overall_export_metadata"}}
[debug] [2021-06-29T22:48:26.841Z] Ignoring unsupported arg: projectId {"metadata":{"emulator":{"name":"firestore"},"message":"Ignoring unsupported arg: projectId"}}
[debug] [2021-06-29T22:48:26.841Z] Ignoring unsupported arg: auto_download {"metadata":{"emulator":{"name":"firestore"},"message":"Ignoring unsupported arg: auto_download"}}
[debug] [2021-06-29T22:48:26.842Z] Starting Firestore Emulator with command {"binary":"java","args":["-Dgoogle.cloud_firestore.debug_log_level=FINE","-Duser.language=en","-jar","/Users/mitul/.cache/firebase/emulators/cloud-firestore-emulator-v1.13.0.jar","--host","10.0.0.107","--port",8099,"--seed_from_export","/Users/mitul/Documents/projects/tendonloader/emulator-backup/firestore_export/firestore_export.overall_export_metadata","--rules","/Users/mitul/Documents/projects/tendonloader/tendon_loader/firestore.rules"],"optionalArgs":["port","webchannel_port","host","rules","functions_emulator","seed_from_export"],"joinArgs":false} {"metadata":{"emulator":{"name":"firestore"},"message":"Starting Firestore Emulator with command {\"binary\":\"java\",\"args\":[\"-Dgoogle.cloud_firestore.debug_log_level=FINE\",\"-Duser.language=en\",\"-jar\",\"/Users/mitul/.cache/firebase/emulators/cloud-firestore-emulator-v1.13.0.jar\",\"--host\",\"10.0.0.107\",\"--port\",8099,\"--seed_from_export\",\"/Users/mitul/Documents/projects/tendonloader/emulator-backup/firestore_export/firestore_export.overall_export_metadata\",\"--rules\",\"/Users/mitul/Documents/projects/tendonloader/tendon_loader/firestore.rules\"],\"optionalArgs\":[\"port\",\"webchannel_port\",\"host\",\"rules\",\"functions_emulator\",\"seed_from_export\"],\"joinArgs\":false}"}}
[info] i  firestore: Firestore Emulator logging to firestore-debug.log {"metadata":{"emulator":{"name":"firestore"},"message":"Firestore Emulator logging to \u001b[1mfirestore-debug.log\u001b[22m"}}
[debug] [2021-06-29T22:48:27.614Z] Jun 29, 2021 6:48:27 PM com.google.cloud.datastore.emulator.firestore.websocket.WebSocketServer start
INFO: Started WebSocket server on ws://10.0.0.107:58594
 {"metadata":{"emulator":{"name":"firestore"},"message":"Jun 29, 2021 6:48:27 PM com.google.cloud.datastore.emulator.firestore.websocket.WebSocketServer start\nINFO: Started WebSocket server on ws://10.0.0.107:58594\n"}}
[debug] [2021-06-29T22:48:27.626Z] API endpoint: http://10.0.0.107:8099 {"metadata":{"emulator":{"name":"firestore"},"message":"API endpoint: http://10.0.0.107:8099"}}
[debug] [2021-06-29T22:48:27.626Z] 
If you are using a library that supports the FIRESTORE_EMULATOR_HOST environment variable, run:

   export FIRESTORE_EMULATOR_HOST=10.0.0.107:8099

Dev App Server is now running.

 {"metadata":{"emulator":{"name":"firestore"},"message":"\nIf you are using a library that supports the FIRESTORE_EMULATOR_HOST environment variable, run:\n\n   export FIRESTORE_EMULATOR_HOST=10.0.0.107:8099\n\nDev App Server is now running.\n\n"}}
[info] i  auth: Importing config from /Users/mitul/Documents/projects/tendonloader/emulator-backup/auth_export/config.json {"metadata":{"emulator":{"name":"database"},"message":"Importing config from /Users/mitul/Documents/projects/tendonloader/emulator-backup/auth_export/config.json"}}
[info] i  auth: Importing accounts from /Users/mitul/Documents/projects/tendonloader/emulator-backup/auth_export/accounts.json {"metadata":{"emulator":{"name":"database"},"message":"Importing accounts from /Users/mitul/Documents/projects/tendonloader/emulator-backup/auth_export/accounts.json"}}
[debug] [2021-06-29T22:48:29.732Z] > refreshing access token with scopes: []
[debug] [2021-06-29T22:48:29.732Z] >>> HTTP REQUEST POST https://www.googleapis.com/oauth2/v3/token  
 <request body omitted>
[debug] [2021-06-29T22:48:29.897Z] <<< HTTP RESPONSE 200 {"expires":"Mon, 01 Jan 1990 00:00:00 GMT","cache-control":"no-cache, no-store, max-age=0, must-revalidate","date":"Tue, 29 Jun 2021 22:48:29 GMT","pragma":"no-cache","content-type":"application/json; charset=utf-8","vary":"X-Origin, Referer, Origin,Accept-Encoding","server":"scaffolding on HTTPServer2","x-xss-protection":"0","x-frame-options":"SAMEORIGIN","x-content-type-options":"nosniff","alt-svc":"h3=\":443\"; ma=2592000,h3-29=\":443\"; ma=2592000,h3-T051=\":443\"; ma=2592000,h3-Q050=\":443\"; ma=2592000,h3-Q046=\":443\"; ma=2592000,h3-Q043=\":443\"; ma=2592000,quic=\":443\"; ma=2592000; v=\"46,43\"","accept-ranges":"none","transfer-encoding":"chunked"}
[debug] [2021-06-29T22:48:29.943Z] >>> [apiv2][query] GET https://firebasehosting.googleapis.com/v1beta1/projects/tendon-loader/sites 
[debug] [2021-06-29T22:48:30.317Z] <<< [apiv2][status] GET https://firebasehosting.googleapis.com/v1beta1/projects/tendon-loader/sites 200
[debug] [2021-06-29T22:48:30.318Z] <<< [apiv2][body] GET https://firebasehosting.googleapis.com/v1beta1/projects/tendon-loader/sites {"sites":[{"name":"projects/534221336745/sites/tendon-loader","defaultUrl":"https://tendon-loader.web.app","appId":"1:534221336745:web:8893c7f4e44b9e959639b8","type":"DEFAULT_SITE"}]}
[debug] [2021-06-29T22:48:30.318Z] >>> [apiv2][query] GET https://firebase.googleapis.com/v1beta1/projects/tendon-loader/webApps/1:534221336745:web:8893c7f4e44b9e959639b8/config [none]
[debug] [2021-06-29T22:48:30.647Z] <<< [apiv2][status] GET https://firebase.googleapis.com/v1beta1/projects/tendon-loader/webApps/1:534221336745:web:8893c7f4e44b9e959639b8/config 200
[debug] [2021-06-29T22:48:30.648Z] <<< [apiv2][body] GET https://firebase.googleapis.com/v1beta1/projects/tendon-loader/webApps/1:534221336745:web:8893c7f4e44b9e959639b8/config {"projectId":"tendon-loader","appId":"1:534221336745:web:8893c7f4e44b9e959639b8","databaseURL":"https://tendon-loader-default-rtdb.firebaseio.com","storageBucket":"tendon-loader.appspot.com","locationId":"us-central","apiKey":"AIzaSyDDyoyhwZtACT9Y6yzeNFl1Ch6mU1SZ-pc","authDomain":"tendon-loader.firebaseapp.com","messagingSenderId":"534221336745","measurementId":"G-0CWKSVKJGS"}
[info] i  hosting: Serving hosting files from: build/web {"metadata":{"emulator":{"name":"hosting"},"message":"Serving hosting files from: \u001b[1mbuild/web\u001b[22m"}}
[info] ✔  hosting: Local server: http://localhost:5000 {"metadata":{"emulator":{"name":"hosting"},"message":"Local server: \u001b[4m\u001b[1mhttp://localhost:5000\u001b[22m\u001b[24m"}}
[warn] ⚠  ui: Emulator UI unable to start on port 4000, starting on 4001 instead. {"metadata":{"emulator":{"name":"ui"},"message":"Emulator UI unable to start on port 4000, starting on 4001 instead."}}
[debug] [2021-06-29T22:48:30.710Z] Ignoring unsupported arg: auto_download {"metadata":{"emulator":{"name":"ui"},"message":"Ignoring unsupported arg: auto_download"}}
[debug] [2021-06-29T22:48:30.710Z] Ignoring unsupported arg: port {"metadata":{"emulator":{"name":"ui"},"message":"Ignoring unsupported arg: port"}}
[debug] [2021-06-29T22:48:30.710Z] Starting Emulator UI with command {"binary":"node","args":["/Users/mitul/.cache/firebase/emulators/ui-v1.5.0/server.bundle.js"],"optionalArgs":[],"joinArgs":false} {"metadata":{"emulator":{"name":"ui"},"message":"Starting Emulator UI with command {\"binary\":\"node\",\"args\":[\"/Users/mitul/.cache/firebase/emulators/ui-v1.5.0/server.bundle.js\"],\"optionalArgs\":[],\"joinArgs\":false}"}}
[info] i  ui: Emulator UI logging to ui-debug.log {"metadata":{"emulator":{"name":"ui"},"message":"Emulator UI logging to \u001b[1mui-debug.log\u001b[22m"}}
[debug] [2021-06-29T22:48:30.798Z] Web / API server started at http://10.0.0.107:4001
 {"metadata":{"emulator":{"name":"ui"},"message":"Web / API server started at http://10.0.0.107:4001\n"}}
[info] 
┌─────────────────────────────────────────────────────────────┐
│ ✔  All emulators ready! It is now safe to connect your app. │
│ i  View Emulator UI at http://10.0.0.107:4001               │
└─────────────────────────────────────────────────────────────┘

┌────────────────┬─────────────────┬──────────────────────────────────┐
│ Emulator       │ Host:Port       │ View in Emulator UI              │
├────────────────┼─────────────────┼──────────────────────────────────┤
│ Authentication │ 10.0.0.107:9099 │ http://10.0.0.107:4001/auth      │
├────────────────┼─────────────────┼──────────────────────────────────┤
│ Firestore      │ 10.0.0.107:8099 │ http://10.0.0.107:4001/firestore │
├────────────────┼─────────────────┼──────────────────────────────────┤
│ Hosting        │ localhost:5000  │ n/a                              │
└────────────────┴─────────────────┴──────────────────────────────────┘
  Emulator Hub running at localhost:4400
  Other reserved ports: 4500

Issues? Report them at https://github.com/firebase/firebase-tools/issues and attach the *-debug.log files.
 
[debug] [2021-06-29T22:51:21.148Z] Jun 29, 2021 6:51:21 PM io.gapi.emulators.netty.HttpVersionRoutingHandler channelRead
INFO: Detected HTTP/2 connection.
 {"metadata":{"emulator":{"name":"firestore"},"message":"Jun 29, 2021 6:51:21 PM io.gapi.emulators.netty.HttpVersionRoutingHandler channelRead\nINFO: Detected HTTP/2 connection.\n"}}
[debug] [2021-06-29T22:53:51.091Z] Jun 29, 2021 6:53:51 PM io.gapi.emulators.netty.HttpVersionRoutingHandler channelRead
INFO: Detected HTTP/2 connection.
 {"metadata":{"emulator":{"name":"firestore"},"message":"Jun 29, 2021 6:53:51 PM io.gapi.emulators.netty.HttpVersionRoutingHandler channelRead\nINFO: Detected HTTP/2 connection.\n"}}
[debug] [2021-06-29T23:21:01.994Z] Jun 29, 2021 7:21:01 PM io.gapi.emulators.netty.HttpVersionRoutingHandler channelRead
INFO: Detected HTTP/2 connection.
 {"metadata":{"emulator":{"name":"firestore"},"message":"Jun 29, 2021 7:21:01 PM io.gapi.emulators.netty.HttpVersionRoutingHandler channelRead\nINFO: Detected HTTP/2 connection.\n"}}
[debug] [2021-06-29T23:22:07.806Z] Jun 29, 2021 7:22:07 PM io.gapi.emulators.netty.HttpVersionRoutingHandler channelRead
INFO: Detected HTTP/2 connection.
 {"metadata":{"emulator":{"name":"firestore"},"message":"Jun 29, 2021 7:22:07 PM io.gapi.emulators.netty.HttpVersionRoutingHandler channelRead\nINFO: Detected HTTP/2 connection.\n"}}
[debug] [2021-06-29T23:48:56.232Z] Jun 29, 2021 7:48:56 PM io.gapi.emulators.netty.HttpVersionRoutingHandler channelRead
INFO: Detected HTTP/2 connection.
 {"metadata":{"emulator":{"name":"firestore"},"message":"Jun 29, 2021 7:48:56 PM io.gapi.emulators.netty.HttpVersionRoutingHandler channelRead\nINFO: Detected HTTP/2 connection.\n"}}
[debug] [2021-06-30T00:18:57.750Z] Jun 29, 2021 8:18:57 PM io.gapi.emulators.netty.HttpVersionRoutingHandler channelRead
INFO: Detected HTTP/2 connection.
 {"metadata":{"emulator":{"name":"firestore"},"message":"Jun 29, 2021 8:18:57 PM io.gapi.emulators.netty.HttpVersionRoutingHandler channelRead\nINFO: Detected HTTP/2 connection.\n"}}
